<?xml version="1.0" encoding="UTF-8"?>
<!-- Generated by org.testng.reporters.JUnitReportReporter -->
<testsuite hostname="INFLAP220074" failures="0" tests="1" name="FrameWorkTestClass.Assignment1" time="19.167" errors="0" timestamp="2023-09-05T00:17:01 IST" skipped="0">
  <testcase classname="FrameWorkTestClass.Assignment1" name="RunTest" time="19.167"/>
  <system-out/>
</testsuite> <!-- FrameWorkTestClass.Assignment1 -->
